1) GenUniqueKey 8B20762A/brAvJ prodId: 8B20762A, Admin: 0C26C5B5EBEF86DC
DATA$:5A28F71A1888534121C1101C685484E332EEBA6F8852E71CA7E4B484252E3D45AECF34F9270E6D6DEE719457DF9F3334214507C8C991FE4E99F73083C0B1704D

2) GenUniqueKey 481B61DB/RAmav prodId: 481B61DB, Admin: 078EFA44727C1DCC
DATA$:C6D0EA06A62EA430FF6969AE3449B613A42E2741EA802A32DD8C657AC3379F576EFA76B45CFDD6A8924080956F5C9685F363E670E589C722F15912599E198FCB

3) GenUniqueKey 032BCF03/@roO@ prodId: 032BCF03, Admin: 9C571A21F3C6F099
DATA$:82A48265BB1B0860331A7DB8E2F05D4EA685C066609802D649D4320FD3C4C4A5B0755DFC9ECC85C88694513D66AC6B6A94F590E47B3DAD104DFA2E6AF0A1C5FE

4) GenUniqueKey 5C81658F/WHEec prodId: 5C81658F, Admin: BA5EB9050FA91027
DATA$:CD50134A0E1527259698165125A2BD533CB9F549D0EA3A9F795952C8B193FB6F0A26AD2263FDB2C4280454213259433AD03D6C7532D17D9BD7CAD3FE3C04A440

5) GenUniqueKey 3611E960/MaGiX prodId: 3611E960, Admin: 350CD2EB2031F7B5
DATA$:436862F8C9C855DFC126BF43AEA88225A9E37EDA55E10AF68E85F78A4DF1765FF6EB1C52E95F57DB3D8F7CC540F4488D6D891BB337BCD4A2F5CEECCE2805E88D

6) GenUniqueKey B614B62F/maRvK prodId: B614B62F, Admin: CF6B4ADF239C5D36
DATA$:65117570B62A41EE32A639EB05BAA022D0B940B2261F8481332BDEEA069F220ACB7EBADD4533A93AF9194FBDAA76B43BD425410926A0C6C0E31F136B463D1EA0

7) GenUniqueKey 0B20563B/BrAVN prodId: 0B20563B, Admin: B957AE0341FB8FE1
DATA$:E88DB26725A465EC3D2B817A5F9AD55B44821B679726D3E1CD0A1904C24460541FB6F4E1A6495FD6AA2FA35AE2323A7594BD2D6A1F674D01273910EE7D7C34B3

8) GenUniqueKey 8CC3F594/cLOue prodId: 8CC3F594, Admin: 2B865F7D102EC402
DATA$:3F0337C45C6601BDE4C6E4D8E40C3F6EA0D9A17633127C9C29F7A1673FF37A7D7DBEACDBF56A029FA8703E47F92E735A85D76B378978B0A25582274BC813E3B9

9) GenUniqueKey 4AF8AF29/RoboJ prodId: 4AF8AF29, Admin: 5048BA1191A3D818
DATA$:44AA5499DC931155A59E0B5865D63637F1CD6701E94ED43A07C09D67336743A013586AC26CC02C47D152E3E8C8B384D85214FC54B634B4F79CAE4304BFC5EE4F

10) GenUniqueKey 044B49B8/ADmIn prodId: 044B49B8, Admin: 9315D17440325F1D
DATA$:EF0823C7392264A30ED7237DF8A02D039370F1F50F1580D9E8A7BA3E26F42A8BAB6B73033E6FDB7B2D2E10976903595179DBE86C20A9BBF74408D8607E07FB1A

11) GenUniqueKey 0ECBF565/ClouY prodId: 0ECBF565, Admin: 0A0D7C7DB14F341B
DATA$:A184C9097392D3CD717250A85EC168E3A36D4222546AB57EB382AAADD065C88751E8C85E55043E28D4195A7C805178C260516675EF5DC3D49A5C2C40727D5722

1) GenUniqueKey 06436956/AdMiU prodId: 06436956, Admin: A2F27D1D8B5F96B9
DATA$:376B03A83CD82CF64BBF8F4A6B43CDC3A92BB90EF0CFC0133D59777E4597FB94AD4D0AAB906AE581B7231114B10D8FD84C9CF69FC2C0F4070F3FF0C2D3A0745D

2) GenUniqueKey 5C8145B3/WHEEl prodId: 5C8145B3, Admin: 10EB25BDE1CDE1EA
DATA$:06551EDB129DCB0D34525D8E3D8056E3961272C85E44CBE9FC3A820662A5390E202F90D40D83B5241952854FFE4A5613C5D11721710FA7CA17C4E01B5DFD9DEF

3) GenUniqueKey 48C86E2A/RLanJ prodId: 48C86E2A, Admin: BEC21E9DC21318F1
DATA$:C5E6DCEED7807FC4E5CC37C307B77E0D76416AA106B1D0B01C1C24A1B92B2AE3BE8CBB0E2BA8E1100C282AC48920D98CB4F29D33C5AED2ACF11ACD26ECE24992

4) GenUniqueKey 044349B5/ADMIm prodId: 044349B5, Admin: EE96119ADB19610D
DATA$:25F8C031C39609386A6614073F955BF72E6BFB8B6C82A7AEEEB01E2E39D0882F960AD5E26A2031C8158B89F3BB191B344873D419558A61717892C0FA1735713E

5) GenUniqueKey C8136114/rAMaE prodId: C8136114, Admin: 9735BCDE2934249A
DATA$:FF3A6EB6F83F3305B1C7E4874B2F5EB9DC0B4EBCCDC432D366C839BA65642BA149EA7C4D3D1FE637502180C0D6A5B644645D958199BF18B7B10D05F40D51BFC0

6) GenUniqueKey 3419E9A4/MAgii prodId: 3419E9A4, Admin: 06B5D9215F2F637B
DATA$:2352F89B13206360AB8FEE0EC0EB2EBED7D0B823CC728E0D317D116930BD5463BAF80EB6EFE57BC6F40A24A17F118FB9FFE8654219350459140154512741E2E4

7) GenUniqueKey 0ECBD525/CloUI prodId: 0ECBD525, Admin: FB4D8374F05550C7
DATA$:5CFF01DBF9D6AED78282137621AD5EA8EAAA4022FC0F5DC3CD155A4EBA5902AC3B140C225C886BB80397C327167D65DA7288E2A60A6E5E7E2BF09E0116E49BED

8) GenUniqueKey 0353A9C5/@uNiq prodId: 0353A9C5, Admin: 415DEB115D572B69
DATA$:91CAF0A9B9980AEF28DC8667BF7134E175C307C07253A377D2245EBAAAA606767555E0ED01B1C96F8DB1E5C52B88BBCEB7676F6105865A31F2307BA9502464B6

9) GenUniqueKey 04CC08CE/ALpHs prodId: 04CC08CE, Admin: C6AE5C3286DBE142
DATA$:76111B86E321814B6CB3B82A1687AA435E89A9D71502E862711AE78E51CA4011E176894D28FB829E31F9046AD6782D8B9085CAF7A5C6F187BD68FE2C0D7DCAE0

10) GenUniqueKey C8C86E2D/rLanK prodId: C8C86E2D, Admin: 3195B9265F4A04F6
DATA$:1110F606C3517FD2AA8F80B9CA3FC6A765817CE6414E4B36B6965A9C809DF32499E5F8B2024C139E5E81F08CFEAA97D26D6D6B526CC2F0CE2C0F46AAA6A64D07

11) GenUniqueKey 012BCF4B/@RoOR prodId: 012BCF4B, Admin: 047B8CB798A87200
DATA$:EB28D50086829982EACE80957B6F8DA2D74160FF2CA283D8258C23A58B7E6EC1E43CC58E39DB034CE0C53D8F3B61396CF979E2AB101C1A0B21ECE20C5E857893

12) GenUniqueKey 0B287655/BravU prodId: 0B287655, Admin: D0A9B39EA2A82DD9
DATA$:BB5811C475D1DCE6007059F747525A9AB6DF04C2A5C7200C56B7CB654A7E7108BAD9D5AADF484796C295090E3EAF1BE7938EF6A3413C73F0E1118A8EC5F5174D

13) GenUniqueKey 3619E994/Magie prodId: 3619E994, Admin: 193211419994E949
DATA$:F9CFFBBF44352298930102FFAE3E4A8222C1150CFB280204B75CE9A8C3E7CDDC1CBCFF05EC76F226ED80AA26E697888A4F5B3EF47CD55DE6EA091B08C8B07D73

